
> vibe-generated-app@1.0.0 dev
> vite


  VITE v5.4.20  ready in 227 ms

  ➜  Local:   http://localhost:3000/
  ➜  Network: http://172.20.25.101:3000/
8:04:48 PM [vite] Pre-transform error: Failed to resolve import "recharts" from "src/components/ChartsPanel.jsx". Does the file exist?
8:04:49 PM [vite] Internal server error: Failed to resolve import "recharts" from "src/components/ChartsPanel.jsx". Does the file exist?
  Plugin: vite:import-analysis
  File: /home/workspace/src/components/ChartsPanel.jsx:1:95
  1  |  import { jsxDEV } from "react/jsx-dev-runtime";
  2  |  import { PieChart, Pie, Cell, ResponsiveContainer, BarChart, Bar, XAxis, YAxis, Tooltip } from "recharts";
     |                                                                                                  ^
  3  |  const riskData = [
  4  |    { name: "Low", value: 68 },
      at TransformPluginContext._formatError (file:///home/workspace/node_modules/vite/dist/node/chunks/dep-D_zLpgQd.js:49258:41)
      at TransformPluginContext.error (file:///home/workspace/node_modules/vite/dist/node/chunks/dep-D_zLpgQd.js:49253:16)
      at normalizeUrl (file:///home/workspace/node_modules/vite/dist/node/chunks/dep-D_zLpgQd.js:64306:23)
      at process.processTicksAndRejections (node:internal/process/task_queues:105:5)
      at async file:///home/workspace/node_modules/vite/dist/node/chunks/dep-D_zLpgQd.js:64438:39
      at async Promise.all (index 1)
      at async TransformPluginContext.transform (file:///home/workspace/node_modules/vite/dist/node/chunks/dep-D_zLpgQd.js:64365:7)
      at async PluginContainer.transform (file:///home/workspace/node_modules/vite/dist/node/chunks/dep-D_zLpgQd.js:49099:18)
      at async loadAndTransform (file:///home/workspace/node_modules/vite/dist/node/chunks/dep-D_zLpgQd.js:51977:27)
      at async viteTransformMiddleware (file:///home/workspace/node_modules/vite/dist/node/chunks/dep-D_zLpgQd.js:62105:24)
8:04:54 PM [vite] Internal server error: Failed to resolve import "recharts" from "src/components/ChartsPanel.jsx". Does the file exist?
  Plugin: vite:import-analysis
  File: /home/workspace/src/components/ChartsPanel.jsx:1:95
  1  |  import { jsxDEV } from "react/jsx-dev-runtime";
  2  |  import { PieChart, Pie, Cell, ResponsiveContainer, BarChart, Bar, XAxis, YAxis, Tooltip } from "recharts";
     |                                                                                                  ^
  3  |  const riskData = [
  4  |    { name: "Low", value: 68 },
      at TransformPluginContext._formatError (file:///home/workspace/node_modules/vite/dist/node/chunks/dep-D_zLpgQd.js:49258:41)
      at TransformPluginContext.error (file:///home/workspace/node_modules/vite/dist/node/chunks/dep-D_zLpgQd.js:49253:16)
      at normalizeUrl (file:///home/workspace/node_modules/vite/dist/node/chunks/dep-D_zLpgQd.js:64306:23)
      at process.processTicksAndRejections (node:internal/process/task_queues:105:5)
      at async file:///home/workspace/node_modules/vite/dist/node/chunks/dep-D_zLpgQd.js:64438:39
      at async Promise.all (index 1)
      at async TransformPluginContext.transform (file:///home/workspace/node_modules/vite/dist/node/chunks/dep-D_zLpgQd.js:64365:7)
      at async PluginContainer.transform (file:///home/workspace/node_modules/vite/dist/node/chunks/dep-D_zLpgQd.js:49099:18)
      at async loadAndTransform (file:///home/workspace/node_modules/vite/dist/node/chunks/dep-D_zLpgQd.js:51977:27)
      at async viteTransformMiddleware (file:///home/workspace/node_modules/vite/dist/node/chunks/dep-D_zLpgQd.js:62105:24)
